<?xml version="1.0" encoding="utf-8"?><testsuites name="pytest tests"><testsuite name="pytest" errors="0" failures="0" skipped="0" tests="11" time="3.158" timestamp="2026-08-14T10:30:58.507427+00:00" hostname="agent-env-170b13b2-79c3-42f8-8913-03dfceda9f28"><testcase classname="tests.test_iteration3.TestAnnouncementCategory" name="test_create_with_category" time="0.403" /><testcase classname="tests.test_iteration3.TestQuoteYearLevelAndFeature" name="test_create_quote_with_year_level" time="0.338" /><testcase classname="tests.test_iteration3.TestQuoteYearLevelAndFeature" name="test_create_quote_empty_year_level" time="0.159" /><testcase classname="tests.test_iteration3.TestAnnouncementCategory" name="test_update_category" time="0.407" /><testcase classname="tests.test_iteration3.TestQuoteYearLevelAndFeature" name="test_update_quote_year_level" time="0.383" /><testcase classname="tests.test_iteration3.TestAnnouncementCategory" name="test_list_returns_category" time="0.585" /><testcase classname="tests.test_iteration3.TestQuoteYearLevelAndFeature" name="test_feature_requires_auth" time="0.233" /><testcase classname="tests.test_iteration3.TestQuoteYearLevelAndFeature" name="test_unfeature_requires_auth" time="0.115" /><testcase classname="tests.test_iteration3.TestQuoteYearLevelAndFeature" name="test_feature_sets_only_one" time="0.909" /><testcase classname="tests.test_iteration3.TestSettingsPulse" name="test_pulse_sheet_url_uses_pubhtml" time="0.104" /><testcase classname="tests.test_iteration3.TestQuoteYearLevelAndFeature" name="test_feature_nonexistent_quote" time="0.544" /></testsuite></testsuites>