<?xml version="1.0" encoding="utf-8"?><testsuites name="pytest tests"><testsuite name="pytest" errors="0" failures="0" skipped="0" tests="3" time="0.866" timestamp="2026-08-14T10:40:50.794528+00:00" hostname="agent-env-170b13b2-79c3-42f8-8913-03dfceda9f28"><testcase classname="tests.test_iteration4.TestICTCLinks" name="test_quick_links_has_ictc" time="0.237" /><testcase classname="tests.test_iteration4.TestFeaturedQuote" name="test_exactly_one_featured_ask_questions_early" time="0.301" /><testcase classname="tests.test_iteration4.TestICTCLinks" name="test_useful_links_has_ictc" time="0.125" /></testsuite></testsuites>