<?xml version="1.0" encoding="utf-8"?><testsuites name="pytest tests"><testsuite name="pytest" errors="0" failures="0" skipped="0" tests="13" time="2.506" timestamp="2026-08-14T09:56:44.023778+00:00" hostname="agent-env-170b13b2-79c3-42f8-8913-03dfceda9f28"><testcase classname="tests.backend_test.TestAnnouncements" name="test_list_has_seed" time="0.210" /><testcase classname="tests.backend_test.TestLinks" name="test_list_all" time="0.267" /><testcase classname="tests.backend_test.TestAnnouncements" name="test_create_requires_auth" time="0.134" /><testcase classname="tests.backend_test.TestLinks" name="test_filter_quick" time="0.169" /><testcase classname="tests.backend_test.TestAnnouncements" name="test_crud_flow" time="0.885" /><testcase classname="tests.backend_test.TestLinks" name="test_filter_useful" time="0.209" /><testcase classname="tests.backend_test.TestLinks" name="test_create_requires_auth" time="0.119" /><testcase classname="tests.backend_test.TestLinks" name="test_crud_flow" time="0.498" /><testcase classname="tests.backend_test.TestSettings" name="test_get_seeded" time="0.131" /><testcase classname="tests.backend_test.TestAuth" name="test_admin_login_success" time="0.208" /><testcase classname="tests.backend_test.TestSettings" name="test_update_requires_auth" time="0.180" /><testcase classname="tests.backend_test.TestAuth" name="test_admin_login_fail" time="0.194" /><testcase classname="tests.backend_test.TestSettings" name="test_update_persists" time="0.398" /></testsuite></testsuites>